<?xml version="1.0" encoding="UTF-8"?>
<testsuite xmlns:xsi="http://www.w3.org/2001/XMLSchema-instance" xsi:noNamespaceSchemaLocation="https://maven.apache.org/surefire/maven-surefire-plugin/xsd/surefire-test-report.xsd" version="3.0.1" name="io.github.n2m.kafka.consumer.KafkaMessageConsumerTest" time="0.363" tests="4" errors="0" skipped="0" failures="0">
  <properties>
[...]
</properties>
  <testcase name="subscribe_startsBackgroundThread" classname="io.github.n2m.kafka.consumer.KafkaMessageConsumerTest" time="0.345">
    <system-out><![CDATA[13:08:40.167 [main] INFO  i.g.n.k.c.KafkaMessageConsumer - Subscribed to topics in background: [test-topic]
13:08:40.168 [kafka-consumer-thread] INFO  i.g.n.k.c.KafkaMessageConsumer - Consumer closed
13:08:40.472 [main] INFO  i.g.n.k.c.KafkaMessageConsumer - Stopping KafkaMessageConsumer
]]></system-out>
  </testcase>
  <testcase name="close_setsRunningToFalse" classname="io.github.n2m.kafka.consumer.KafkaMessageConsumerTest" time="0.004">
    <system-out><![CDATA[13:08:40.478 [main] INFO  i.g.n.k.c.KafkaMessageConsumer - Stopping KafkaMessageConsumer
]]></system-out>
  </testcase>
  <testcase name="close_callsWakeup" classname="io.github.n2m.kafka.consumer.KafkaMessageConsumerTest" time="0.002">
    <system-out><![CDATA[13:08:40.482 [main] INFO  i.g.n.k.c.KafkaMessageConsumer - Stopping KafkaMessageConsumer
]]></system-out>
  </testcase>
  <testcase name="subscribeAndPoll_handlerExceptionDoesNotStopLoop" classname="io.github.n2m.kafka.consumer.KafkaMessageConsumerTest" time="0.008">
    <system-out><![CDATA[13:08:40.490 [Thread-1] INFO  i.g.n.k.c.KafkaMessageConsumer - Subscribed to topics: [test-topic]
13:08:40.490 [Thread-1] ERROR i.g.n.k.c.KafkaMessageConsumer - Error handling record from topic=test-topic partition=0 offset=0
java.lang.RuntimeException: intentional error
	at io.github.n2m.kafka.consumer.KafkaMessageConsumerTest.lambda$subscribeAndPoll_handlerExceptionDoesNotStopLoop$1(KafkaMessageConsumerTest.java:71)
	at io.github.n2m.kafka.consumer.KafkaMessageConsumer.pollLoop(KafkaMessageConsumer.java:134)
	at io.github.n2m.kafka.consumer.KafkaMessageConsumer.subscribeAndPoll(KafkaMessageConsumer.java:91)
	at io.github.n2m.kafka.consumer.KafkaMessageConsumer.subscribeAndPoll(KafkaMessageConsumer.java:80)
	at io.github.n2m.kafka.consumer.KafkaMessageConsumerTest.lambda$subscribeAndPoll_handlerExceptionDoesNotStopLoop$2(KafkaMessageConsumerTest.java:76)
	at java.base/java.lang.Thread.run(Thread.java:840)
13:08:40.491 [Thread-1] INFO  i.g.n.k.c.KafkaMessageConsumer - Consumer closed
]]></system-out>
    <system-err><![CDATA[Exception in thread "Thread-1" org.apache.kafka.common.errors.WakeupException
	at org.apache.kafka.clients.consumer.KafkaConsumer.poll(KafkaConsumer.java:874)
	at io.github.n2m.kafka.consumer.KafkaMessageConsumer.pollLoop(KafkaMessageConsumer.java:125)
	at io.github.n2m.kafka.consumer.KafkaMessageConsumer.subscribeAndPoll(KafkaMessageConsumer.java:91)
	at io.github.n2m.kafka.consumer.KafkaMessageConsumer.subscribeAndPoll(KafkaMessageConsumer.java:80)
	at io.github.n2m.kafka.consumer.KafkaMessageConsumerTest.lambda$subscribeAndPoll_handlerExceptionDoesNotStopLoop$2(KafkaMessageConsumerTest.java:76)
	at java.base/java.lang.Thread.run(Thread.java:840)
]]></system-err>
  </testcase>
</testsuite>